Fitter report for AudioPlayer
Tue Jul 26 17:57:37 2016
Quartus Prime Version 15.1.0 Build 185 10/21/2015 SJ Lite Edition


---------------------
; Table of Contents ;
---------------------
  1. Legal Notice
  2. Fitter Summary
  3. Fitter Settings
  4. Parallel Compilation
  5. Incremental Compilation Preservation Summary
  6. Incremental Compilation Partition Settings
  7. Fitter Resource Usage Summary
  8. Input Pins
  9. Output Pins
 10. Dual Purpose and Dedicated Pins
 11. I/O Bank Usage
 12. All Package Pins
 13. PLL Summary
 14. PLL Usage
 15. Fitter Resource Utilization by Entity
 16. Delay Chain Summary
 17. Pad To Core Delay Chain Fanout
 18. Control Signals
 19. Fitter Device Options
 20. Operating Settings and Conditions
 21. Fitter Messages



----------------
; Legal Notice ;
----------------
Copyright (C) 1991-2015 Altera Corporation. All rights reserved.
Your use of Altera Corporation's design tools, logic functions 
and other software and tools, and its AMPP partner logic 
functions, and any output files from any of the foregoing 
(including device programming or simulation files), and any 
associated documentation or information are expressly subject 
to the terms and conditions of the Altera Program License 
Subscription Agreement, the Altera Quartus Prime License Agreement,
the Altera MegaCore Function License Agreement, or other 
applicable license agreement, including, without limitation, 
that your use is for the sole purpose of programming logic 
devices manufactured by Altera and sold by Altera or its 
authorized distributors.  Please refer to the applicable 
agreement for further details.



+----------------------------------------------------------------------------------+
; Fitter Summary                                                                   ;
+------------------------------------+---------------------------------------------+
; Fitter Status                      ; Failed - Tue Jul 26 17:57:37 2016           ;
; Quartus Prime Version              ; 15.1.0 Build 185 10/21/2015 SJ Lite Edition ;
; Revision Name                      ; AudioPlayer                                 ;
; Top-level Entity Name              ; AudioPlayer                                 ;
; Family                             ; Cyclone IV E                                ;
; Device                             ; EP4CE6E22C8                                 ;
; Timing Models                      ; Final                                       ;
; Total logic elements               ; 104 / 6,272 ( 2 % )                         ;
;     Total combinational functions  ; 104 / 6,272 ( 2 % )                         ;
;     Dedicated logic registers      ; 45 / 6,272 ( < 1 % )                        ;
; Total registers                    ; 45                                          ;
; Total pins                         ; 18 / 92 ( 20 % )                            ;
; Total virtual pins                 ; 0                                           ;
; Total memory bits                  ; 0 / 276,480 ( 0 % )                         ;
; Embedded Multiplier 9-bit elements ; 0 / 30 ( 0 % )                              ;
; Total PLLs                         ; 2 / 2 ( 100 % )                             ;
+------------------------------------+---------------------------------------------+


+------------------------------------------------------------------------------------------------------------------------------------------------------------+
; Fitter Settings                                                                                                                                            ;
+----------------------------------------------------------------------------+---------------------------------------+---------------------------------------+
; Option                                                                     ; Setting                               ; Default Value                         ;
+----------------------------------------------------------------------------+---------------------------------------+---------------------------------------+
; Device                                                                     ; EP4CE6E22C8                           ;                                       ;
; Nominal Core Supply Voltage                                                ; 1.2V                                  ;                                       ;
; Minimum Core Junction Temperature                                          ; 0                                     ;                                       ;
; Maximum Core Junction Temperature                                          ; 85                                    ;                                       ;
; Fit Attempts to Skip                                                       ; 0                                     ; 0.0                                   ;
; Device I/O Standard                                                        ; 2.5 V                                 ;                                       ;
; Use smart compilation                                                      ; Off                                   ; Off                                   ;
; Enable parallel Assembler and TimeQuest Timing Analyzer during compilation ; On                                    ; On                                    ;
; Enable compact report table                                                ; Off                                   ; Off                                   ;
; Auto Merge PLLs                                                            ; On                                    ; On                                    ;
; Router Timing Optimization Level                                           ; Normal                                ; Normal                                ;
; Perform Clocking Topology Analysis During Routing                          ; Off                                   ; Off                                   ;
; Placement Effort Multiplier                                                ; 1.0                                   ; 1.0                                   ;
; Router Effort Multiplier                                                   ; 1.0                                   ; 1.0                                   ;
; Optimize Hold Timing                                                       ; All Paths                             ; All Paths                             ;
; Optimize Multi-Corner Timing                                               ; On                                    ; On                                    ;
; PowerPlay Power Optimization During Fitting                                ; Normal compilation                    ; Normal compilation                    ;
; SSN Optimization                                                           ; Off                                   ; Off                                   ;
; Optimize Timing                                                            ; Normal compilation                    ; Normal compilation                    ;
; Optimize Timing for ECOs                                                   ; Off                                   ; Off                                   ;
; Regenerate Full Fit Report During ECO Compiles                             ; Off                                   ; Off                                   ;
; Optimize IOC Register Placement for Timing                                 ; Normal                                ; Normal                                ;
; Limit to One Fitting Attempt                                               ; Off                                   ; Off                                   ;
; Final Placement Optimizations                                              ; Automatically                         ; Automatically                         ;
; Fitter Aggressive Routability Optimizations                                ; Automatically                         ; Automatically                         ;
; Fitter Initial Placement Seed                                              ; 1                                     ; 1                                     ;
; Periphery to Core Placement and Routing Optimization                       ; Off                                   ; Off                                   ;
; PCI I/O                                                                    ; Off                                   ; Off                                   ;
; Weak Pull-Up Resistor                                                      ; Off                                   ; Off                                   ;
; Enable Bus-Hold Circuitry                                                  ; Off                                   ; Off                                   ;
; Auto Packed Registers                                                      ; Auto                                  ; Auto                                  ;
; Auto Delay Chains                                                          ; On                                    ; On                                    ;
; Auto Delay Chains for High Fanout Input Pins                               ; Off                                   ; Off                                   ;
; Allow Single-ended Buffer for Differential-XSTL Input                      ; Off                                   ; Off                                   ;
; Treat Bidirectional Pin as Output Pin                                      ; Off                                   ; Off                                   ;
; Perform Physical Synthesis for Combinational Logic for Fitting             ; Off                                   ; Off                                   ;
; Perform Physical Synthesis for Combinational Logic for Performance         ; Off                                   ; Off                                   ;
; Perform Register Duplication for Performance                               ; Off                                   ; Off                                   ;
; Perform Logic to Memory Mapping for Fitting                                ; Off                                   ; Off                                   ;
; Perform Register Retiming for Performance                                  ; Off                                   ; Off                                   ;
; Perform Asynchronous Signal Pipelining                                     ; Off                                   ; Off                                   ;
; Fitter Effort                                                              ; Auto Fit                              ; Auto Fit                              ;
; Physical Synthesis Effort Level                                            ; Normal                                ; Normal                                ;
; Logic Cell Insertion - Logic Duplication                                   ; Auto                                  ; Auto                                  ;
; Auto Register Duplication                                                  ; Auto                                  ; Auto                                  ;
; Auto Global Clock                                                          ; On                                    ; On                                    ;
; Auto Global Register Control Signals                                       ; On                                    ; On                                    ;
; Reserve all unused pins                                                    ; As input tri-stated with weak pull-up ; As input tri-stated with weak pull-up ;
; Synchronizer Identification                                                ; Auto                                  ; Auto                                  ;
; Enable Beneficial Skew Optimization                                        ; On                                    ; On                                    ;
; Optimize Design for Metastability                                          ; On                                    ; On                                    ;
; Force Fitter to Avoid Periphery Placement Warnings                         ; Off                                   ; Off                                   ;
; Enable input tri-state on active configuration pins in user mode           ; Off                                   ; Off                                   ;
+----------------------------------------------------------------------------+---------------------------------------+---------------------------------------+


Parallel compilation was disabled, but you have multiple processors available. Enable parallel compilation to reduce compilation time.
+-------------------------------------+
; Parallel Compilation                ;
+----------------------------+--------+
; Processors                 ; Number ;
+----------------------------+--------+
; Number detected on machine ; 12     ;
; Maximum allowed            ; 1      ;
+----------------------------+--------+


+------------------------------------------------------------------------------------------------+
; Incremental Compilation Preservation Summary                                                   ;
+---------------------+------------------+----------------------------+--------------------------+
; Type                ; Total [A + B]    ; From Design Partitions [A] ; From Rapid Recompile [B] ;
+---------------------+------------------+----------------------------+--------------------------+
; Placement (by node) ;                  ;                            ;                          ;
;     -- Requested    ; 0.00 % ( 0 / 0 ) ; 0.00 % ( 0 / 0 )           ; 0.00 % ( 0 / 0 )         ;
;     -- Achieved     ; 0.00 % ( 0 / 0 ) ; 0.00 % ( 0 / 0 )           ; 0.00 % ( 0 / 0 )         ;
;                     ;                  ;                            ;                          ;
; Routing (by net)    ;                  ;                            ;                          ;
;     -- Requested    ; 0.00 % ( 0 / 0 ) ; 0.00 % ( 0 / 0 )           ; 0.00 % ( 0 / 0 )         ;
;     -- Achieved     ; 0.00 % ( 0 / 0 ) ; 0.00 % ( 0 / 0 )           ; 0.00 % ( 0 / 0 )         ;
+---------------------+------------------+----------------------------+--------------------------+


+----------------------------------------------------------------------------------------------------------------------------------------------------------------------------------------+
; Incremental Compilation Partition Settings                                                                                                                                             ;
+--------------------------------+----------------+-------------------+-------------------------+------------------------+------------------------------+--------------------------------+
; Partition Name                 ; Partition Type ; Netlist Type Used ; Preservation Level Used ; Netlist Type Requested ; Preservation Level Requested ; Contents                       ;
+--------------------------------+----------------+-------------------+-------------------------+------------------------+------------------------------+--------------------------------+
; Top                            ; User-created   ; Source File       ; N/A                     ; Source File            ; N/A                          ;                                ;
; hard_block:auto_generated_inst ; Auto-generated ; Source File       ; N/A                     ; Source File            ; N/A                          ; hard_block:auto_generated_inst ;
+--------------------------------+----------------+-------------------+-------------------------+------------------------+------------------------------+--------------------------------+


+--------------------------------------------------------------------+
; Fitter Resource Usage Summary                                      ;
+---------------------------------------------+----------------------+
; Resource                                    ; Usage                ;
+---------------------------------------------+----------------------+
; Total logic elements                        ; 104 / 6,272 ( 2 % )  ;
;     -- Combinational with no register       ; 59                   ;
;     -- Register only                        ; 0                    ;
;     -- Combinational with a register        ; 45                   ;
;                                             ;                      ;
; Logic element usage by number of LUT inputs ;                      ;
;     -- 4 input functions                    ; 28                   ;
;     -- 3 input functions                    ; 22                   ;
;     -- <=2 input functions                  ; 54                   ;
;     -- Register only                        ; 0                    ;
;                                             ;                      ;
; Logic elements by mode                      ;                      ;
;     -- normal mode                          ; 73                   ;
;     -- arithmetic mode                      ; 31                   ;
;                                             ;                      ;
; Total registers*                            ; 45 / 6,684 ( < 1 % ) ;
;     -- Dedicated logic registers            ; 45 / 6,272 ( < 1 % ) ;
;     -- I/O registers                        ; 0 / 412 ( 0 % )      ;
;                                             ;                      ;
; Total LABs                                  ; Not available        ;
; Virtual pins                                ; 0                    ;
; I/O pins                                    ; 18 / 92 ( 20 % )     ;
;     -- Clock pins                           ; 0 / 3 ( 0 % )        ;
;     -- Dedicated input pins                 ; 0 / 9 ( 0 % )        ;
;                                             ;                      ;
; Global signals                              ; 0                    ;
; M9Ks                                        ; 0 / 30 ( 0 % )       ;
; Total block memory bits                     ; 0 / 276,480 ( 0 % )  ;
; Total block memory implementation bits      ; 0 / 276,480 ( 0 % )  ;
; Embedded Multiplier 9-bit elements          ; 0 / 30 ( 0 % )       ;
; PLLs                                        ; 2 / 2 ( 100 % )      ;
; Global clocks                               ; 0 / 10 ( 0 % )       ;
; JTAGs                                       ; 0 / 1 ( 0 % )        ;
; CRC blocks                                  ; 0 / 1 ( 0 % )        ;
; ASMI blocks                                 ; 0 / 1 ( 0 % )        ;
; Oscillator blocks                           ; 0 / 1 ( 0 % )        ;
; Impedance control blocks                    ; 0 / 4 ( 0 % )        ;
; Maximum fan-out                             ; 37                   ;
; Highest non-global fan-out                  ; 37                   ;
; Total fan-out                               ; 407                  ;
; Average fan-out                             ; 2.07                 ;
+---------------------------------------------+----------------------+
*  Register count does not include registers inside RAM blocks or DSP blocks.



+-----------------------------------------------------------------------------------------------------------------------------------------------------------------------------------------------------------------------------------------------------+
; Input Pins                                                                                                                                                                                                                                          ;
+------------+------------+----------+-----------------------+--------------------+--------+----------------+---------------+-----------------+----------+--------------+--------------+---------------------------+----------------------+-----------+
; Name       ; Pin #      ; I/O Bank ; Combinational Fan-Out ; Registered Fan-Out ; Global ; Input Register ; Power Up High ; PCI I/O Enabled ; Bus Hold ; Weak Pull Up ; I/O Standard ; Termination Control Block ; Location assigned by ; Slew Rate ;
+------------+------------+----------+-----------------------+--------------------+--------+----------------+---------------+-----------------+----------+--------------+--------------+---------------------------+----------------------+-----------+
; CLK_225792 ; Unassigned ; --       ; 1                     ; 0                  ; no     ; no             ; no            ; no              ; no       ; Off          ; None         ; --                        ; User                 ; no        ;
; CLK_24576  ; Unassigned ; --       ; 1                     ; 0                  ; no     ; no             ; no            ; no              ; no       ; Off          ; None         ; --                        ; User                 ; no        ;
; RESET      ; Unassigned ; --       ; 13                    ; 0                  ; no     ; no             ; no            ; no              ; no       ; Off          ; None         ; --                        ; User                 ; no        ;
; clock      ; Unassigned ; --       ; 0                     ; 0                  ; no     ; no             ; no            ; no              ; no       ; Off          ; None         ; --                        ; User                 ; no        ;
; data[0]    ; Unassigned ; --       ; 1                     ; 0                  ; no     ; no             ; no            ; no              ; no       ; Off          ; None         ; --                        ; User                 ; no        ;
; data[1]    ; Unassigned ; --       ; 1                     ; 0                  ; no     ; no             ; no            ; no              ; no       ; Off          ; None         ; --                        ; User                 ; no        ;
; data[2]    ; Unassigned ; --       ; 1                     ; 0                  ; no     ; no             ; no            ; no              ; no       ; Off          ; None         ; --                        ; User                 ; no        ;
; data[3]    ; Unassigned ; --       ; 1                     ; 0                  ; no     ; no             ; no            ; no              ; no       ; Off          ; None         ; --                        ; User                 ; no        ;
; data[4]    ; Unassigned ; --       ; 1                     ; 0                  ; no     ; no             ; no            ; no              ; no       ; Off          ; None         ; --                        ; User                 ; no        ;
; data[5]    ; Unassigned ; --       ; 1                     ; 0                  ; no     ; no             ; no            ; no              ; no       ; Off          ; None         ; --                        ; User                 ; no        ;
; data[6]    ; Unassigned ; --       ; 1                     ; 0                  ; no     ; no             ; no            ; no              ; no       ; Off          ; None         ; --                        ; User                 ; no        ;
; data[7]    ; Unassigned ; --       ; 1                     ; 0                  ; no     ; no             ; no            ; no              ; no       ; Off          ; None         ; --                        ; User                 ; no        ;
; next       ; Unassigned ; --       ; 2                     ; 0                  ; no     ; no             ; no            ; no              ; no       ; Off          ; None         ; --                        ; User                 ; no        ;
; reg_add    ; Unassigned ; --       ; 9                     ; 0                  ; no     ; no             ; no            ; no              ; no       ; Off          ; None         ; --                        ; User                 ; no        ;
+------------+------------+----------+-----------------------+--------------------+--------+----------------+---------------+-----------------+----------+--------------+--------------+---------------------------+----------------------+-----------+


+-----------------------------------------------------------------------------------------------------------------------------------------------------------------------------------------------------------------------------------------------------------------------------------------------------------------------------------------------------------------------------------------+
; Output Pins                                                                                                                                                                                                                                                                                                                                                                             ;
+------+------------+----------+-----------------+------------------------+---------------+-----------+-----------------+------------+---------------+----------+--------------+--------------+------------------+-------------+---------------------------+----------------------------+-----------------------------+----------------------+----------------------+---------------------+
; Name ; Pin #      ; I/O Bank ; Output Register ; Output Enable Register ; Power Up High ; Slew Rate ; PCI I/O Enabled ; Open Drain ; TRI Primitive ; Bus Hold ; Weak Pull Up ; I/O Standard ; Current Strength ; Termination ; Termination Control Block ; Output Buffer Pre-emphasis ; Voltage Output Differential ; Location assigned by ; Output Enable Source ; Output Enable Group ;
+------+------------+----------+-----------------+------------------------+---------------+-----------+-----------------+------------+---------------+----------+--------------+--------------+------------------+-------------+---------------------------+----------------------------+-----------------------------+----------------------+----------------------+---------------------+
; led1 ; Unassigned ; --       ; no              ; no                     ; no            ; no        ; no              ; no         ; no            ; no       ; Off          ; None         ; Default          ; Off         ; --                        ; no                         ; no                          ; User                 ; -                    ; -                   ;
; led2 ; Unassigned ; --       ; no              ; no                     ; no            ; no        ; no              ; no         ; no            ; no       ; Off          ; None         ; Default          ; Off         ; --                        ; no                         ; no                          ; User                 ; -                    ; -                   ;
; led3 ; Unassigned ; --       ; no              ; no                     ; no            ; no        ; no              ; no         ; no            ; no       ; Off          ; None         ; Default          ; Off         ; --                        ; no                         ; no                          ; User                 ; -                    ; -                   ;
; led4 ; Unassigned ; --       ; no              ; no                     ; no            ; no        ; no              ; no         ; no            ; no       ; Off          ; None         ; Default          ; Off         ; --                        ; no                         ; no                          ; User                 ; -                    ; -                   ;
+------+------------+----------+-----------------+------------------------+---------------+-----------+-----------------+------------+---------------+----------+--------------+--------------+------------------+-------------+---------------------------+----------------------------+-----------------------------+----------------------+----------------------+---------------------+


+-----------------------------------------------------------------------------------+
; Dual Purpose and Dedicated Pins                                                   ;
+----------+-----------+-------------+------------------+---------------------------+
; Location ; Pin Name  ; Reserved As ; User Signal Name ; Pin Type                  ;
+----------+-----------+-------------+------------------+---------------------------+
; 9        ; nSTATUS   ; -           ; -                ; Dedicated Programming Pin ;
; 14       ; nCONFIG   ; -           ; -                ; Dedicated Programming Pin ;
; 21       ; nCE       ; -           ; -                ; Dedicated Programming Pin ;
; 92       ; CONF_DONE ; -           ; -                ; Dedicated Programming Pin ;
; 94       ; MSEL0     ; -           ; -                ; Dedicated Programming Pin ;
; 96       ; MSEL1     ; -           ; -                ; Dedicated Programming Pin ;
; 97       ; MSEL2     ; -           ; -                ; Dedicated Programming Pin ;
; 97       ; MSEL3     ; -           ; -                ; Dedicated Programming Pin ;
+----------+-----------+-------------+------------------+---------------------------+


+----------------------------------------------------------+
; I/O Bank Usage                                           ;
+----------+----------------+---------------+--------------+
; I/O Bank ; Usage          ; VCCIO Voltage ; VREF Voltage ;
+----------+----------------+---------------+--------------+
; 1        ; 0 / 11 ( 0 % ) ; --            ; --           ;
; 2        ; 0 / 8 ( 0 % )  ; --            ; --           ;
; 3        ; 0 / 11 ( 0 % ) ; --            ; --           ;
; 4        ; 0 / 14 ( 0 % ) ; --            ; --           ;
; 5        ; 0 / 13 ( 0 % ) ; --            ; --           ;
; 6        ; 0 / 10 ( 0 % ) ; --            ; --           ;
; 7        ; 0 / 13 ( 0 % ) ; --            ; --           ;
; 8        ; 0 / 12 ( 0 % ) ; --            ; --           ;
; Unknown  ; 23             ; --            ;              ;
+----------+----------------+---------------+--------------+


+---------------------------------------------------------------------------------------------------------------------------------------------------------------+
; All Package Pins                                                                                                                                              ;
+----------+------------+----------+---------------------------------+--------+--------------+---------+------------+-----------------+----------+--------------+
; Location ; Pad Number ; I/O Bank ; Pin Name/Usage                  ; Dir.   ; I/O Standard ; Voltage ; I/O Type   ; User Assignment ; Bus Hold ; Weak Pull Up ;
+----------+------------+----------+---------------------------------+--------+--------------+---------+------------+-----------------+----------+--------------+
; 1        ; 0          ; 1        ; RESERVED_INPUT_WITH_WEAK_PULLUP ;        ;              ;         ; Row I/O    ;                 ; no       ; On           ;
; 2        ; 1          ; 1        ; RESERVED_INPUT_WITH_WEAK_PULLUP ;        ;              ;         ; Row I/O    ;                 ; no       ; On           ;
; 3        ; 2          ; 1        ; RESERVED_INPUT_WITH_WEAK_PULLUP ;        ;              ;         ; Row I/O    ;                 ; no       ; On           ;
; 4        ;            ;          ; GND                             ; gnd    ;              ;         ; --         ;                 ; --       ; --           ;
; 5        ;            ;          ; VCCINT                          ; power  ;              ;         ; --         ;                 ; --       ; --           ;
; 6        ; 5          ; 1        ; RESERVED_INPUT_WITH_WEAK_PULLUP ;        ;              ;         ; Row I/O    ;                 ; no       ; On           ;
; 7        ; 6          ; 1        ; RESERVED_INPUT_WITH_WEAK_PULLUP ;        ;              ;         ; Row I/O    ;                 ; --       ; --           ;
; 8        ; 7          ; 1        ; RESERVED_INPUT_WITH_WEAK_PULLUP ;        ;              ;         ; Row I/O    ;                 ; no       ; On           ;
; 9        ; 9          ; 1        ; ^nSTATUS                        ;        ;              ;         ; --         ;                 ; --       ; --           ;
; 10       ; 13         ; 1        ; RESERVED_INPUT_WITH_WEAK_PULLUP ;        ;              ;         ; Row I/O    ;                 ; no       ; On           ;
; 11       ; 14         ; 1        ; RESERVED_INPUT_WITH_WEAK_PULLUP ;        ;              ;         ; Row I/O    ;                 ; no       ; On           ;
; 12       ; 15         ; 1        ; RESERVED_INPUT_WITH_WEAK_PULLUP ;        ;              ;         ; Row I/O    ;                 ; --       ; On           ;
; 13       ; 16         ; 1        ; RESERVED_INPUT_WITH_WEAK_PULLUP ;        ;              ;         ; Row I/O    ;                 ; no       ; On           ;
; 14       ; 17         ; 1        ; ^nCONFIG                        ;        ;              ;         ; --         ;                 ; --       ; --           ;
; 15       ; 18         ; 1        ; #TDI                            ; input  ;              ;         ; --         ;                 ; --       ; --           ;
; 16       ; 19         ; 1        ; #TCK                            ; input  ;              ;         ; --         ;                 ; --       ; --           ;
; 17       ;            ; 1        ; VCCIO1                          ; power  ;              ;         ; --         ;                 ; --       ; --           ;
; 18       ; 20         ; 1        ; #TMS                            ; input  ;              ;         ; --         ;                 ; --       ; --           ;
; 19       ;            ;          ; GND                             ; gnd    ;              ;         ; --         ;                 ; --       ; --           ;
; 20       ; 21         ; 1        ; #TDO                            ; output ;              ;         ; --         ;                 ; --       ; --           ;
; 21       ; 22         ; 1        ; ^nCE                            ;        ;              ;         ; --         ;                 ; --       ; --           ;
; 22       ;            ;          ; GND                             ; gnd    ;              ;         ; --         ;                 ; --       ; --           ;
; 23       ; 24         ; 1        ; GND+                            ;        ;              ;         ; Row I/O    ;                 ; --       ; --           ;
; 24       ; 25         ; 2        ; GND+                            ;        ;              ;         ; Row I/O    ;                 ; --       ; --           ;
; 25       ; 26         ; 2        ; GND+                            ;        ;              ;         ; Row I/O    ;                 ; --       ; --           ;
; 26       ;            ; 2        ; VCCIO2                          ; power  ;              ;         ; --         ;                 ; --       ; --           ;
; 27       ;            ;          ; GND                             ; gnd    ;              ;         ; --         ;                 ; --       ; --           ;
; 28       ; 31         ; 2        ; RESERVED_INPUT_WITH_WEAK_PULLUP ;        ;              ;         ; Row I/O    ;                 ; no       ; On           ;
; 29       ;            ;          ; VCCINT                          ; power  ;              ;         ; --         ;                 ; --       ; --           ;
; 30       ; 34         ; 2        ; RESERVED_INPUT_WITH_WEAK_PULLUP ;        ;              ;         ; Row I/O    ;                 ; no       ; On           ;
; 31       ; 36         ; 2        ; RESERVED_INPUT_WITH_WEAK_PULLUP ;        ;              ;         ; Row I/O    ;                 ; --       ; --           ;
; 32       ; 39         ; 2        ; RESERVED_INPUT_WITH_WEAK_PULLUP ;        ;              ;         ; Row I/O    ;                 ; no       ; On           ;
; 33       ; 40         ; 2        ; RESERVED_INPUT_WITH_WEAK_PULLUP ;        ;              ;         ; Row I/O    ;                 ; no       ; On           ;
; 34       ; 41         ; 2        ; RESERVED_INPUT_WITH_WEAK_PULLUP ;        ;              ;         ; Row I/O    ;                 ; no       ; On           ;
; 35       ;            ; --       ; VCCA1                           ; power  ;              ;         ; --         ;                 ; --       ; --           ;
; 36       ;            ;          ; GNDA1                           ; gnd    ;              ;         ; --         ;                 ; --       ; --           ;
; 37       ;            ;          ; VCCD_PLL1                       ; power  ;              ;         ; --         ;                 ; --       ; --           ;
; 38       ; 45         ; 3        ; RESERVED_INPUT_WITH_WEAK_PULLUP ;        ;              ;         ; Column I/O ;                 ; no       ; On           ;
; 39       ; 46         ; 3        ; RESERVED_INPUT_WITH_WEAK_PULLUP ;        ;              ;         ; Column I/O ;                 ; no       ; On           ;
; 40       ;            ; 3        ; VCCIO3                          ; power  ;              ;         ; --         ;                 ; --       ; --           ;
; 41       ;            ;          ; GND                             ; gnd    ;              ;         ; --         ;                 ; --       ; --           ;
; 42       ; 52         ; 3        ; RESERVED_INPUT_WITH_WEAK_PULLUP ;        ;              ;         ; Column I/O ;                 ; no       ; On           ;
; 43       ; 53         ; 3        ; RESERVED_INPUT_WITH_WEAK_PULLUP ;        ;              ;         ; Column I/O ;                 ; no       ; On           ;
; 44       ; 54         ; 3        ; RESERVED_INPUT_WITH_WEAK_PULLUP ;        ;              ;         ; Column I/O ;                 ; no       ; On           ;
; 45       ;            ;          ; VCCINT                          ; power  ;              ;         ; --         ;                 ; --       ; --           ;
; 46       ; 58         ; 3        ; RESERVED_INPUT_WITH_WEAK_PULLUP ;        ;              ;         ; Column I/O ;                 ; --       ; --           ;
; 47       ;            ; 3        ; VCCIO3                          ; power  ;              ;         ; --         ;                 ; --       ; --           ;
; 48       ;            ;          ; GND                             ; gnd    ;              ;         ; --         ;                 ; --       ; --           ;
; 49       ; 68         ; 3        ; RESERVED_INPUT_WITH_WEAK_PULLUP ;        ;              ;         ; Column I/O ;                 ; no       ; On           ;
; 50       ; 69         ; 3        ; RESERVED_INPUT_WITH_WEAK_PULLUP ;        ;              ;         ; Column I/O ;                 ; no       ; On           ;
; 51       ; 70         ; 3        ; RESERVED_INPUT_WITH_WEAK_PULLUP ;        ;              ;         ; Column I/O ;                 ; no       ; On           ;
; 52       ; 72         ; 3        ; RESERVED_INPUT_WITH_WEAK_PULLUP ;        ;              ;         ; Column I/O ;                 ; no       ; On           ;
; 53       ; 73         ; 3        ; RESERVED_INPUT_WITH_WEAK_PULLUP ;        ;              ;         ; Column I/O ;                 ; no       ; On           ;
; 54       ; 74         ; 4        ; RESERVED_INPUT_WITH_WEAK_PULLUP ;        ;              ;         ; Column I/O ;                 ; no       ; On           ;
; 55       ; 75         ; 4        ; RESERVED_INPUT_WITH_WEAK_PULLUP ;        ;              ;         ; Column I/O ;                 ; no       ; On           ;
; 56       ;            ; 4        ; VCCIO4                          ; power  ;              ;         ; --         ;                 ; --       ; --           ;
; 57       ;            ;          ; GND                             ; gnd    ;              ;         ; --         ;                 ; --       ; --           ;
; 58       ; 80         ; 4        ; RESERVED_INPUT_WITH_WEAK_PULLUP ;        ;              ;         ; Column I/O ;                 ; no       ; On           ;
; 59       ; 83         ; 4        ; RESERVED_INPUT_WITH_WEAK_PULLUP ;        ;              ;         ; Column I/O ;                 ; no       ; On           ;
; 60       ; 84         ; 4        ; RESERVED_INPUT_WITH_WEAK_PULLUP ;        ;              ;         ; Column I/O ;                 ; no       ; On           ;
; 61       ;            ;          ; VCCINT                          ; power  ;              ;         ; --         ;                 ; --       ; --           ;
; 62       ;            ; 4        ; VCCIO4                          ; power  ;              ;         ; --         ;                 ; --       ; --           ;
; 63       ;            ;          ; GND                             ; gnd    ;              ;         ; --         ;                 ; --       ; --           ;
; 64       ; 89         ; 4        ; RESERVED_INPUT_WITH_WEAK_PULLUP ;        ;              ;         ; Column I/O ;                 ; no       ; On           ;
; 65       ; 90         ; 4        ; RESERVED_INPUT_WITH_WEAK_PULLUP ;        ;              ;         ; Column I/O ;                 ; --       ; --           ;
; 66       ; 93         ; 4        ; RESERVED_INPUT_WITH_WEAK_PULLUP ;        ;              ;         ; Column I/O ;                 ; no       ; On           ;
; 67       ; 94         ; 4        ; RESERVED_INPUT_WITH_WEAK_PULLUP ;        ;              ;         ; Column I/O ;                 ; no       ; On           ;
; 68       ; 96         ; 4        ; RESERVED_INPUT_WITH_WEAK_PULLUP ;        ;              ;         ; Column I/O ;                 ; no       ; On           ;
; 69       ; 97         ; 4        ; RESERVED_INPUT_WITH_WEAK_PULLUP ;        ;              ;         ; Column I/O ;                 ; no       ; On           ;
; 70       ; 98         ; 4        ; RESERVED_INPUT_WITH_WEAK_PULLUP ;        ;              ;         ; Column I/O ;                 ; no       ; On           ;
; 71       ; 99         ; 4        ; RESERVED_INPUT_WITH_WEAK_PULLUP ;        ;              ;         ; Column I/O ;                 ; no       ; On           ;
; 72       ; 100        ; 4        ; RESERVED_INPUT_WITH_WEAK_PULLUP ;        ;              ;         ; Column I/O ;                 ; no       ; On           ;
; 73       ; 102        ; 5        ; RESERVED_INPUT_WITH_WEAK_PULLUP ;        ;              ;         ; Row I/O    ;                 ; no       ; On           ;
; 74       ; 103        ; 5        ; RESERVED_INPUT_WITH_WEAK_PULLUP ;        ;              ;         ; Row I/O    ;                 ; no       ; On           ;
; 75       ; 104        ; 5        ; RESERVED_INPUT_WITH_WEAK_PULLUP ;        ;              ;         ; Row I/O    ;                 ; no       ; On           ;
; 76       ; 106        ; 5        ; RESERVED_INPUT_WITH_WEAK_PULLUP ;        ;              ;         ; Row I/O    ;                 ; no       ; On           ;
; 77       ; 107        ; 5        ; RESERVED_INPUT_WITH_WEAK_PULLUP ;        ;              ;         ; Row I/O    ;                 ; no       ; On           ;
; 78       ;            ;          ; VCCINT                          ; power  ;              ;         ; --         ;                 ; --       ; --           ;
; 79       ;            ;          ; GND                             ; gnd    ;              ;         ; --         ;                 ; --       ; --           ;
; 80       ; 113        ; 5        ; RESERVED_INPUT_WITH_WEAK_PULLUP ;        ;              ;         ; Row I/O    ;                 ; --       ; --           ;
; 81       ;            ; 5        ; VCCIO5                          ; power  ;              ;         ; --         ;                 ; --       ; --           ;
; 82       ;            ;          ; GND                             ; gnd    ;              ;         ; --         ;                 ; --       ; --           ;
; 83       ; 117        ; 5        ; RESERVED_INPUT_WITH_WEAK_PULLUP ;        ;              ;         ; Row I/O    ;                 ; no       ; On           ;
; 84       ; 118        ; 5        ; RESERVED_INPUT_WITH_WEAK_PULLUP ;        ;              ;         ; Row I/O    ;                 ; no       ; On           ;
; 85       ; 119        ; 5        ; RESERVED_INPUT_WITH_WEAK_PULLUP ;        ;              ;         ; Row I/O    ;                 ; no       ; On           ;
; 86       ; 120        ; 5        ; RESERVED_INPUT_WITH_WEAK_PULLUP ;        ;              ;         ; Row I/O    ;                 ; no       ; On           ;
; 87       ; 121        ; 5        ; RESERVED_INPUT_WITH_WEAK_PULLUP ;        ;              ;         ; Row I/O    ;                 ; no       ; On           ;
; 88       ; 125        ; 5        ; GND+                            ;        ;              ;         ; Row I/O    ;                 ; --       ; --           ;
; 89       ; 126        ; 5        ; GND+                            ;        ;              ;         ; Row I/O    ;                 ; --       ; --           ;
; 90       ; 127        ; 6        ; GND+                            ;        ;              ;         ; Row I/O    ;                 ; --       ; --           ;
; 91       ; 128        ; 6        ; GND+                            ;        ;              ;         ; Row I/O    ;                 ; --       ; --           ;
; 92       ; 129        ; 6        ; ^CONF_DONE                      ;        ;              ;         ; --         ;                 ; --       ; --           ;
; 93       ;            ; 6        ; VCCIO6                          ; power  ;              ;         ; --         ;                 ; --       ; --           ;
; 94       ; 130        ; 6        ; ^MSEL0                          ;        ;              ;         ; --         ;                 ; --       ; --           ;
; 95       ;            ;          ; GND                             ; gnd    ;              ;         ; --         ;                 ; --       ; --           ;
; 96       ; 131        ; 6        ; ^MSEL1                          ;        ;              ;         ; --         ;                 ; --       ; --           ;
; 97       ; 132        ; 6        ; ^MSEL2                          ;        ;              ;         ; --         ;                 ; --       ; --           ;
; 97       ; 133        ; 6        ; ^MSEL3                          ;        ;              ;         ; --         ;                 ; --       ; --           ;
; 98       ; 136        ; 6        ; RESERVED_INPUT_WITH_WEAK_PULLUP ;        ;              ;         ; Row I/O    ;                 ; no       ; On           ;
; 99       ; 137        ; 6        ; RESERVED_INPUT_WITH_WEAK_PULLUP ;        ;              ;         ; Row I/O    ;                 ; no       ; On           ;
; 100      ; 138        ; 6        ; RESERVED_INPUT_WITH_WEAK_PULLUP ;        ;              ;         ; Row I/O    ;                 ; no       ; On           ;
; 101      ; 139        ; 6        ; RESERVED_INPUT_WITH_WEAK_PULLUP ;        ;              ;         ; Row I/O    ;                 ; no       ; On           ;
; 102      ;            ;          ; VCCINT                          ; power  ;              ;         ; --         ;                 ; --       ; --           ;
; 103      ; 140        ; 6        ; RESERVED_INPUT_WITH_WEAK_PULLUP ;        ;              ;         ; Row I/O    ;                 ; no       ; On           ;
; 104      ; 141        ; 6        ; RESERVED_INPUT_WITH_WEAK_PULLUP ;        ;              ;         ; Row I/O    ;                 ; no       ; On           ;
; 105      ; 142        ; 6        ; RESERVED_INPUT_WITH_WEAK_PULLUP ;        ;              ;         ; Row I/O    ;                 ; --       ; --           ;
; 106      ; 146        ; 6        ; RESERVED_INPUT_WITH_WEAK_PULLUP ;        ;              ;         ; Row I/O    ;                 ; no       ; On           ;
; 107      ;            ; --       ; VCCA2                           ; power  ;              ;         ; --         ;                 ; --       ; --           ;
; 108      ;            ;          ; GNDA2                           ; gnd    ;              ;         ; --         ;                 ; --       ; --           ;
; 109      ;            ;          ; VCCD_PLL2                       ; power  ;              ;         ; --         ;                 ; --       ; --           ;
; 110      ; 152        ; 7        ; RESERVED_INPUT_WITH_WEAK_PULLUP ;        ;              ;         ; Column I/O ;                 ; no       ; On           ;
; 111      ; 154        ; 7        ; RESERVED_INPUT_WITH_WEAK_PULLUP ;        ;              ;         ; Column I/O ;                 ; no       ; On           ;
; 112      ; 155        ; 7        ; RESERVED_INPUT_WITH_WEAK_PULLUP ;        ;              ;         ; Column I/O ;                 ; no       ; On           ;
; 113      ; 156        ; 7        ; RESERVED_INPUT_WITH_WEAK_PULLUP ;        ;              ;         ; Column I/O ;                 ; no       ; On           ;
; 114      ; 157        ; 7        ; RESERVED_INPUT_WITH_WEAK_PULLUP ;        ;              ;         ; Column I/O ;                 ; no       ; On           ;
; 115      ; 158        ; 7        ; RESERVED_INPUT_WITH_WEAK_PULLUP ;        ;              ;         ; Column I/O ;                 ; no       ; On           ;
; 116      ;            ;          ; VCCINT                          ; power  ;              ;         ; --         ;                 ; --       ; --           ;
; 117      ;            ; 7        ; VCCIO7                          ; power  ;              ;         ; --         ;                 ; --       ; --           ;
; 118      ;            ;          ; GND                             ; gnd    ;              ;         ; --         ;                 ; --       ; --           ;
; 119      ; 163        ; 7        ; RESERVED_INPUT_WITH_WEAK_PULLUP ;        ;              ;         ; Column I/O ;                 ; --       ; --           ;
; 120      ; 164        ; 7        ; RESERVED_INPUT_WITH_WEAK_PULLUP ;        ;              ;         ; Column I/O ;                 ; no       ; On           ;
; 121      ; 165        ; 7        ; RESERVED_INPUT_WITH_WEAK_PULLUP ;        ;              ;         ; Column I/O ;                 ; no       ; On           ;
; 122      ;            ; 7        ; VCCIO7                          ; power  ;              ;         ; --         ;                 ; --       ; --           ;
; 123      ;            ;          ; GND                             ; gnd    ;              ;         ; --         ;                 ; --       ; --           ;
; 124      ; 173        ; 7        ; RESERVED_INPUT_WITH_WEAK_PULLUP ;        ;              ;         ; Column I/O ;                 ; no       ; On           ;
; 125      ; 174        ; 7        ; RESERVED_INPUT_WITH_WEAK_PULLUP ;        ;              ;         ; Column I/O ;                 ; no       ; On           ;
; 126      ; 175        ; 7        ; RESERVED_INPUT_WITH_WEAK_PULLUP ;        ;              ;         ; Column I/O ;                 ; no       ; On           ;
; 127      ; 176        ; 7        ; RESERVED_INPUT_WITH_WEAK_PULLUP ;        ;              ;         ; Column I/O ;                 ; no       ; On           ;
; 128      ; 177        ; 8        ; RESERVED_INPUT_WITH_WEAK_PULLUP ;        ;              ;         ; Column I/O ;                 ; no       ; On           ;
; 129      ; 178        ; 8        ; RESERVED_INPUT_WITH_WEAK_PULLUP ;        ;              ;         ; Column I/O ;                 ; no       ; On           ;
; 130      ;            ; 8        ; VCCIO8                          ; power  ;              ;         ; --         ;                 ; --       ; --           ;
; 131      ;            ;          ; GND                             ; gnd    ;              ;         ; --         ;                 ; --       ; --           ;
; 132      ; 181        ; 8        ; RESERVED_INPUT_WITH_WEAK_PULLUP ;        ;              ;         ; Column I/O ;                 ; no       ; On           ;
; 133      ; 182        ; 8        ; RESERVED_INPUT_WITH_WEAK_PULLUP ;        ;              ;         ; Column I/O ;                 ; no       ; On           ;
; 134      ;            ;          ; VCCINT                          ; power  ;              ;         ; --         ;                 ; --       ; --           ;
; 135      ; 185        ; 8        ; RESERVED_INPUT_WITH_WEAK_PULLUP ;        ;              ;         ; Column I/O ;                 ; no       ; On           ;
; 136      ; 187        ; 8        ; RESERVED_INPUT_WITH_WEAK_PULLUP ;        ;              ;         ; Column I/O ;                 ; --       ; --           ;
; 137      ; 190        ; 8        ; RESERVED_INPUT_WITH_WEAK_PULLUP ;        ;              ;         ; Column I/O ;                 ; no       ; On           ;
; 138      ; 191        ; 8        ; RESERVED_INPUT_WITH_WEAK_PULLUP ;        ;              ;         ; Column I/O ;                 ; no       ; On           ;
; 139      ;            ; 8        ; VCCIO8                          ; power  ;              ;         ; --         ;                 ; --       ; --           ;
; 140      ;            ;          ; GND                             ; gnd    ;              ;         ; --         ;                 ; --       ; --           ;
; 141      ; 195        ; 8        ; RESERVED_INPUT_WITH_WEAK_PULLUP ;        ;              ;         ; Column I/O ;                 ; no       ; On           ;
; 142      ; 201        ; 8        ; RESERVED_INPUT_WITH_WEAK_PULLUP ;        ;              ;         ; Column I/O ;                 ; no       ; On           ;
; 143      ; 202        ; 8        ; RESERVED_INPUT_WITH_WEAK_PULLUP ;        ;              ;         ; Column I/O ;                 ; no       ; On           ;
; 144      ; 203        ; 8        ; RESERVED_INPUT_WITH_WEAK_PULLUP ;        ;              ;         ; Column I/O ;                 ; no       ; On           ;
; EPAD     ;            ;          ; GND                             ;        ;              ;         ; --         ;                 ; --       ; --           ;
+----------+------------+----------+---------------------------------+--------+--------------+---------+------------+-----------------+----------+--------------+
Note: Pin directions (input, output or bidir) are based on device operating in user mode.


+--------------------------------------------------------------------------------------------------------------------------------------------------------------------------------------------------+
; PLL Summary                                                                                                                                                                                      ;
+-------------------------------+----------------------------------------------------------------------------------+-------------------------------------------------------------------------------+
; Name                          ; PLL_24576_2:inst7|altpll:altpll_component|PLL_24576_2_altpll:auto_generated|pll1 ; PLL_225792:inst|altpll:altpll_component|PLL_225792_altpll:auto_generated|pll1 ;
+-------------------------------+----------------------------------------------------------------------------------+-------------------------------------------------------------------------------+
; SDC pin name                  ; inst7|altpll_component|auto_generated|pll1                                       ; inst|altpll_component|auto_generated|pll1                                     ;
; PLL mode                      ; Normal                                                                           ; Normal                                                                        ;
; Compensate clock              ; clock0                                                                           ; clock0                                                                        ;
; Compensated input/output pins ; --                                                                               ; --                                                                            ;
; Switchover type               ; --                                                                               ; --                                                                            ;
; Input frequency 0             ; 24.58 MHz                                                                        ; 22.58 MHz                                                                     ;
; Input frequency 1             ; --                                                                               ; --                                                                            ;
; Nominal PFD frequency         ; 24.6 MHz                                                                         ; 22.6 MHz                                                                      ;
; Nominal VCO frequency         ; 589.8 MHz                                                                        ; 609.6 MHz                                                                     ;
; VCO post scale K counter      ; 2                                                                                ; 2                                                                             ;
; VCO frequency control         ; Auto                                                                             ; Auto                                                                          ;
; VCO phase shift step          ; 211 ps                                                                           ; 205 ps                                                                        ;
; VCO multiply                  ; --                                                                               ; --                                                                            ;
; VCO divide                    ; --                                                                               ; --                                                                            ;
; Freq min lock                 ; 12.5 MHz                                                                         ; 11.11 MHz                                                                     ;
; Freq max lock                 ; 27.09 MHz                                                                        ; 24.08 MHz                                                                     ;
; M VCO Tap                     ; 0                                                                                ; 0                                                                             ;
; M Initial                     ; 1                                                                                ; 1                                                                             ;
; M value                       ; 24                                                                               ; 27                                                                            ;
; N value                       ; 1                                                                                ; 1                                                                             ;
; Charge pump current           ; setting 1                                                                        ; setting 1                                                                     ;
; Loop filter resistance        ; setting 24                                                                       ; setting 24                                                                    ;
; Loop filter capacitance       ; setting 0                                                                        ; setting 0                                                                     ;
; Bandwidth                     ; 450 kHz to 980 kHz                                                               ; 450 kHz to 980 kHz                                                            ;
; Bandwidth type                ; Medium                                                                           ; Medium                                                                        ;
; Real time reconfigurable      ; Off                                                                              ; Off                                                                           ;
; Scan chain MIF file           ; --                                                                               ; --                                                                            ;
; Preserve PLL counter order    ; Off                                                                              ; Off                                                                           ;
; PLL location                  ; Unassigned                                                                       ; Unassigned                                                                    ;
; Inclk0 signal                 ; CLK_24576                                                                        ; CLK_225792                                                                    ;
; Inclk1 signal                 ; --                                                                               ; --                                                                            ;
; Inclk0 signal type            ; Dedicated Pin                                                                    ; Dedicated Pin                                                                 ;
; Inclk1 signal type            ; --                                                                               ; --                                                                            ;
+-------------------------------+----------------------------------------------------------------------------------+-------------------------------------------------------------------------------+


+--------------------------------------------------------------------------------------------------------------------------------------------------------------------------------------------------------------------------------------------------------------------------------------------------------------------------+
; PLL Usage                                                                                                                                                                                                                                                                                                                ;
+----------------------------------------------------------------------------------------------+--------------+------+-----+------------------+-------------+------------------+------------+---------+---------------+------------+---------------+---------+---------+---------------------------------------------------+
; Name                                                                                         ; Output Clock ; Mult ; Div ; Output Frequency ; Phase Shift ; Phase Shift Step ; Duty Cycle ; Counter ; Counter Value ; High / Low ; Cascade Input ; Initial ; VCO Tap ; SDC Pin Name                                      ;
+----------------------------------------------------------------------------------------------+--------------+------+-----+------------------+-------------+------------------+------------+---------+---------------+------------+---------------+---------+---------+---------------------------------------------------+
; PLL_24576_2:inst7|altpll:altpll_component|PLL_24576_2_altpll:auto_generated|wire_pll1_clk[0] ; clock0       ; 1    ; 4   ; 6.15 MHz         ; 0 (0 ps)    ; 0.47 (211 ps)    ; 50/50      ; C0      ; 96            ; 48/48 Even ; --            ; 1       ; 0       ; inst7|altpll_component|auto_generated|pll1|clk[0] ;
; PLL_24576_2:inst7|altpll:altpll_component|PLL_24576_2_altpll:auto_generated|wire_pll1_clk[1] ; clock1       ; 1    ; 3   ; 8.19 MHz         ; 0 (0 ps)    ; 0.63 (211 ps)    ; 50/50      ; C1      ; 72            ; 36/36 Even ; --            ; 1       ; 0       ; inst7|altpll_component|auto_generated|pll1|clk[1] ;
; PLL_24576_2:inst7|altpll:altpll_component|PLL_24576_2_altpll:auto_generated|wire_pll1_clk[2] ; clock2       ; 3    ; 8   ; 9.22 MHz         ; 0 (0 ps)    ; 0.70 (211 ps)    ; 50/50      ; C2      ; 64            ; 32/32 Even ; --            ; 1       ; 0       ; inst7|altpll_component|auto_generated|pll1|clk[2] ;
; PLL_24576_2:inst7|altpll:altpll_component|PLL_24576_2_altpll:auto_generated|wire_pll1_clk[3] ; clock3       ; 1    ; 2   ; 12.29 MHz        ; 0 (0 ps)    ; 0.94 (211 ps)    ; 50/50      ; C3      ; 48            ; 24/24 Even ; --            ; 1       ; 0       ; inst7|altpll_component|auto_generated|pll1|clk[3] ;
; PLL_225792:inst|altpll:altpll_component|PLL_225792_altpll:auto_generated|wire_pll1_clk[0]    ; clock0       ; 1    ; 2   ; 11.29 MHz        ; 0 (0 ps)    ; 0.83 (205 ps)    ; 50/50      ; C0      ; 54            ; 27/27 Even ; --            ; 1       ; 0       ; inst|altpll_component|auto_generated|pll1|clk[0]  ;
; PLL_225792:inst|altpll:altpll_component|PLL_225792_altpll:auto_generated|wire_pll1_clk[1]    ; clock1       ; 3    ; 8   ; 8.47 MHz         ; 0 (0 ps)    ; 0.63 (205 ps)    ; 50/50      ; C1      ; 72            ; 36/36 Even ; --            ; 1       ; 0       ; inst|altpll_component|auto_generated|pll1|clk[1]  ;
; PLL_225792:inst|altpll:altpll_component|PLL_225792_altpll:auto_generated|wire_pll1_clk[2]    ; clock2       ; 1    ; 4   ; 5.65 MHz         ; 0 (0 ps)    ; 0.42 (205 ps)    ; 50/50      ; C2      ; 108           ; 54/54 Even ; --            ; 1       ; 0       ; inst|altpll_component|auto_generated|pll1|clk[2]  ;
+----------------------------------------------------------------------------------------------+--------------+------+-----+------------------+-------------+------------------+------------+---------+---------------+------------+---------------+---------+---------+---------------------------------------------------+


+-------------------------------------------------------------------------------------------------------------------------------------------------------------------------------------------------------------------------------------------------------------------------------------------------------------------------------------------------+
; Fitter Resource Utilization by Entity                                                                                                                                                                                                                                                                                                           ;
+----------------------------------------------+-------------+---------------------------+---------------+-------------+--------------+---------+-----------+------+--------------+--------------+-------------------+------------------+------------------------------------------------------------------------------------------+--------------+
; Compilation Hierarchy Node                   ; Logic Cells ; Dedicated Logic Registers ; I/O Registers ; Memory Bits ; DSP Elements ; DSP 9x9 ; DSP 18x18 ; Pins ; Virtual Pins ; LUT-Only LCs ; Register-Only LCs ; LUT/Register LCs ; Full Hierarchy Name                                                                      ; Library Name ;
+----------------------------------------------+-------------+---------------------------+---------------+-------------+--------------+---------+-----------+------+--------------+--------------+-------------------+------------------+------------------------------------------------------------------------------------------+--------------+
; |AudioPlayer                                 ; 0 (0)       ; 45 (0)                    ; 0 (0)         ; 0           ; 0            ; 0       ; 0         ; 18   ; 0            ; 0 (0)        ; 0 (0)             ; 0 (0)            ; |AudioPlayer                                                                             ; work         ;
;    |LED:inst2|                               ; 0 (0)       ; 36 (36)                   ; 0 (0)         ; 0           ; 0            ; 0       ; 0         ; 0    ; 0            ; 0 (0)        ; 0 (0)             ; 0 (0)            ; |AudioPlayer|LED:inst2                                                                   ; work         ;
;    |PLL_225792:inst|                         ; 0 (0)       ; 0 (0)                     ; 0 (0)         ; 0           ; 0            ; 0       ; 0         ; 0    ; 0            ; 0 (0)        ; 0 (0)             ; 0 (0)            ; |AudioPlayer|PLL_225792:inst                                                             ; work         ;
;       |altpll:altpll_component|              ; 0 (0)       ; 0 (0)                     ; 0 (0)         ; 0           ; 0            ; 0       ; 0         ; 0    ; 0            ; 0 (0)        ; 0 (0)             ; 0 (0)            ; |AudioPlayer|PLL_225792:inst|altpll:altpll_component                                     ; work         ;
;          |PLL_225792_altpll:auto_generated|  ; 0 (0)       ; 0 (0)                     ; 0 (0)         ; 0           ; 0            ; 0       ; 0         ; 0    ; 0            ; 0 (0)        ; 0 (0)             ; 0 (0)            ; |AudioPlayer|PLL_225792:inst|altpll:altpll_component|PLL_225792_altpll:auto_generated    ; work         ;
;    |PLL_24576_2:inst7|                       ; 0 (0)       ; 0 (0)                     ; 0 (0)         ; 0           ; 0            ; 0       ; 0         ; 0    ; 0            ; 0 (0)        ; 0 (0)             ; 0 (0)            ; |AudioPlayer|PLL_24576_2:inst7                                                           ; work         ;
;       |altpll:altpll_component|              ; 0 (0)       ; 0 (0)                     ; 0 (0)         ; 0           ; 0            ; 0       ; 0         ; 0    ; 0            ; 0 (0)        ; 0 (0)             ; 0 (0)            ; |AudioPlayer|PLL_24576_2:inst7|altpll:altpll_component                                   ; work         ;
;          |PLL_24576_2_altpll:auto_generated| ; 0 (0)       ; 0 (0)                     ; 0 (0)         ; 0           ; 0            ; 0       ; 0         ; 0    ; 0            ; 0 (0)        ; 0 (0)             ; 0 (0)            ; |AudioPlayer|PLL_24576_2:inst7|altpll:altpll_component|PLL_24576_2_altpll:auto_generated ; work         ;
;    |clock_2:inst10|                          ; 0 (0)       ; 1 (1)                     ; 0 (0)         ; 0           ; 0            ; 0       ; 0         ; 0    ; 0            ; 0 (0)        ; 0 (0)             ; 0 (0)            ; |AudioPlayer|clock_2:inst10                                                              ; work         ;
;    |clock_2:inst12|                          ; 0 (0)       ; 1 (1)                     ; 0 (0)         ; 0           ; 0            ; 0       ; 0         ; 0    ; 0            ; 0 (0)        ; 0 (0)             ; 0 (0)            ; |AudioPlayer|clock_2:inst12                                                              ; work         ;
;    |clock_2:inst14|                          ; 0 (0)       ; 1 (1)                     ; 0 (0)         ; 0           ; 0            ; 0       ; 0         ; 0    ; 0            ; 0 (0)        ; 0 (0)             ; 0 (0)            ; |AudioPlayer|clock_2:inst14                                                              ; work         ;
;    |clock_4:inst11|                          ; 0 (0)       ; 1 (1)                     ; 0 (0)         ; 0           ; 0            ; 0       ; 0         ; 0    ; 0            ; 0 (0)        ; 0 (0)             ; 0 (0)            ; |AudioPlayer|clock_4:inst11                                                              ; work         ;
;    |clock_4:inst13|                          ; 0 (0)       ; 1 (1)                     ; 0 (0)         ; 0           ; 0            ; 0       ; 0         ; 0    ; 0            ; 0 (0)        ; 0 (0)             ; 0 (0)            ; |AudioPlayer|clock_4:inst13                                                              ; work         ;
;    |clock_4:inst3|                           ; 0 (0)       ; 2 (2)                     ; 0 (0)         ; 0           ; 0            ; 0       ; 0         ; 0    ; 0            ; 0 (0)        ; 0 (0)             ; 0 (0)            ; |AudioPlayer|clock_4:inst3                                                               ; work         ;
;    |clock_4:inst6|                           ; 0 (0)       ; 2 (2)                     ; 0 (0)         ; 0           ; 0            ; 0       ; 0         ; 0    ; 0            ; 0 (0)        ; 0 (0)             ; 0 (0)            ; |AudioPlayer|clock_4:inst6                                                               ; work         ;
;    |clock_switch_in:inst4|                   ; 0 (0)       ; 0 (0)                     ; 0 (0)         ; 0           ; 0            ; 0       ; 0         ; 0    ; 0            ; 0 (0)        ; 0 (0)             ; 0 (0)            ; |AudioPlayer|clock_switch_in:inst4                                                       ; work         ;
;    |clock_switch_out:inst5|                  ; 0 (0)       ; 0 (0)                     ; 0 (0)         ; 0           ; 0            ; 0       ; 0         ; 0    ; 0            ; 0 (0)        ; 0 (0)             ; 0 (0)            ; |AudioPlayer|clock_switch_out:inst5                                                      ; work         ;
+----------------------------------------------+-------------+---------------------------+---------------+-------------+--------------+---------+-----------+------+--------------+--------------+-------------------+------------------+------------------------------------------------------------------------------------------+--------------+
Note: For table entries with two numbers listed, the numbers in parentheses indicate the number of resources of the given type used by the specific entity alone. The numbers listed outside of parentheses indicate the total resources of the given type used by the specific entity and all of its sub-entities in the hierarchy.


+--------------------------------------------------------------------------------------------+
; Delay Chain Summary                                                                        ;
+------------+----------+---------------+---------------+-----------------------+-----+------+
; Name       ; Pin Type ; Pad to Core 0 ; Pad to Core 1 ; Pad to Input Register ; TCO ; TCOE ;
+------------+----------+---------------+---------------+-----------------------+-----+------+
; led1       ; Output   ; --            ; --            ; --                    ; --  ; --   ;
; clock      ; Input    ; --            ; --            ; --                    ; --  ; --   ;
; led2       ; Output   ; --            ; --            ; --                    ; --  ; --   ;
; led3       ; Output   ; --            ; --            ; --                    ; --  ; --   ;
; led4       ; Output   ; --            ; --            ; --                    ; --  ; --   ;
; next       ; Input    ; 0             ; --            ; --                    ; --  ; --   ;
; RESET      ; Input    ; 0             ; --            ; --                    ; --  ; --   ;
; data[3]    ; Input    ; 0             ; --            ; --                    ; --  ; --   ;
; reg_add    ; Input    ; 0             ; --            ; --                    ; --  ; --   ;
; data[4]    ; Input    ; 0             ; --            ; --                    ; --  ; --   ;
; data[5]    ; Input    ; 0             ; --            ; --                    ; --  ; --   ;
; data[2]    ; Input    ; 0             ; --            ; --                    ; --  ; --   ;
; data[1]    ; Input    ; 0             ; --            ; --                    ; --  ; --   ;
; data[7]    ; Input    ; 0             ; --            ; --                    ; --  ; --   ;
; data[6]    ; Input    ; 0             ; --            ; --                    ; --  ; --   ;
; CLK_24576  ; Input    ; --            ; --            ; --                    ; --  ; --   ;
; CLK_225792 ; Input    ; --            ; --            ; --                    ; --  ; --   ;
; data[0]    ; Input    ; 0             ; --            ; --                    ; --  ; --   ;
+------------+----------+---------------+---------------+-----------------------+-----+------+


+---------------------------------------------------+
; Pad To Core Delay Chain Fanout                    ;
+---------------------+-------------------+---------+
; Source Pin / Fanout ; Pad To Core Index ; Setting ;
+---------------------+-------------------+---------+
; clock               ;                   ;         ;
; next                ;                   ;         ;
; RESET               ;                   ;         ;
; data[3]             ;                   ;         ;
; reg_add             ;                   ;         ;
; data[4]             ;                   ;         ;
; data[5]             ;                   ;         ;
; data[2]             ;                   ;         ;
; data[1]             ;                   ;         ;
; data[7]             ;                   ;         ;
; data[6]             ;                   ;         ;
; CLK_24576           ;                   ;         ;
; CLK_225792          ;                   ;         ;
; data[0]             ;                   ;         ;
+---------------------+-------------------+---------+


+-------------------------------------------------------------------------------------------------------------------------------------------------------------------------------------------------------------------+
; Control Signals                                                                                                                                                                                                   ;
+----------------------------------------------------------------------------------------------+------------+---------+--------------+--------+----------------------+------------------+---------------------------+
; Name                                                                                         ; Location   ; Fan-Out ; Usage        ; Global ; Global Resource Used ; Global Line Name ; Enable Signal Source Name ;
+----------------------------------------------------------------------------------------------+------------+---------+--------------+--------+----------------------+------------------+---------------------------+
; CLK_225792                                                                                   ; Unassigned ; 1       ; Clock        ; no     ; --                   ; --               ; --                        ;
; CLK_24576                                                                                    ; Unassigned ; 1       ; Clock        ; no     ; --                   ; --               ; --                        ;
; PLL_225792:inst|altpll:altpll_component|PLL_225792_altpll:auto_generated|wire_pll1_clk[1]    ; Unassigned ; 3       ; Clock        ; no     ; --                   ; --               ; --                        ;
; PLL_225792:inst|altpll:altpll_component|PLL_225792_altpll:auto_generated|wire_pll1_clk[2]    ; Unassigned ; 3       ; Clock        ; no     ; --                   ; --               ; --                        ;
; PLL_24576_2:inst7|altpll:altpll_component|PLL_24576_2_altpll:auto_generated|wire_pll1_clk[0] ; Unassigned ; 5       ; Clock        ; no     ; --                   ; --               ; --                        ;
; PLL_24576_2:inst7|altpll:altpll_component|PLL_24576_2_altpll:auto_generated|wire_pll1_clk[1] ; Unassigned ; 2       ; Clock        ; no     ; --                   ; --               ; --                        ;
; PLL_24576_2:inst7|altpll:altpll_component|PLL_24576_2_altpll:auto_generated|wire_pll1_clk[2] ; Unassigned ; 3       ; Clock        ; no     ; --                   ; --               ; --                        ;
; RESET                                                                                        ; Unassigned ; 13      ; Async. clear ; no     ; --                   ; --               ; --                        ;
; clock_switch_in:inst4|data_out[7]~1                                                          ; Unassigned ; 8       ; Latch enable ; no     ; --                   ; --               ; --                        ;
; clock_switch_out:inst5|clk_out                                                               ; Unassigned ; 37      ; Clock        ; no     ; --                   ; --               ; --                        ;
; clock_switch_out:inst5|clk_out~2                                                             ; Unassigned ; 1       ; Latch enable ; no     ; --                   ; --               ; --                        ;
+----------------------------------------------------------------------------------------------+------------+---------+--------------+--------+----------------------+------------------+---------------------------+


+---------------------------------------------------------------------------------------------+
; Fitter Device Options                                                                       ;
+------------------------------------------------------------------+--------------------------+
; Option                                                           ; Setting                  ;
+------------------------------------------------------------------+--------------------------+
; Enable user-supplied start-up clock (CLKUSR)                     ; Off                      ;
; Enable device-wide reset (DEV_CLRn)                              ; Off                      ;
; Enable device-wide output enable (DEV_OE)                        ; Off                      ;
; Enable INIT_DONE output                                          ; Off                      ;
; Configuration scheme                                             ; Active Serial            ;
; Error detection CRC                                              ; Off                      ;
; Enable open drain on CRC_ERROR pin                               ; Off                      ;
; Enable input tri-state on active configuration pins in user mode ; Off                      ;
; Configuration Voltage Level                                      ; Auto                     ;
; Force Configuration Voltage Level                                ; Off                      ;
; nCEO                                                             ; As output driving ground ;
; Data[0]                                                          ; As input tri-stated      ;
; Data[1]/ASDO                                                     ; As input tri-stated      ;
; Data[7..2]                                                       ; Unreserved               ;
; FLASH_nCE/nCSO                                                   ; As input tri-stated      ;
; Other Active Parallel pins                                       ; Unreserved               ;
; DCLK                                                             ; As output driving ground ;
+------------------------------------------------------------------+--------------------------+


+------------------------------------+
; Operating Settings and Conditions  ;
+---------------------------+--------+
; Setting                   ; Value  ;
+---------------------------+--------+
; Nominal Core Voltage      ; 1.20 V ;
; Low Junction Temperature  ; 0 C   ;
; High Junction Temperature ; 85 C  ;
+---------------------------+--------+


+-----------------+
; Fitter Messages ;
+-----------------+
Warning (20028): Parallel compilation is not licensed and has been disabled
Info (119006): Selected device EP4CE6E22C8 for design "AudioPlayer"
Info (21077): Low junction temperature is 0 degrees C
Info (21077): High junction temperature is 85 degrees C
Info (15535): Implemented PLL "PLL_24576_2:inst7|altpll:altpll_component|PLL_24576_2_altpll:auto_generated|pll1" as Cyclone IV E PLL type File: J:/Project/Audio Player/FPGA/db/pll_24576_2_altpll.v Line: 51
    Info (15099): Implementing clock multiplication of 1, clock division of 4, and phase shift of 0 degrees (0 ps) for PLL_24576_2:inst7|altpll:altpll_component|PLL_24576_2_altpll:auto_generated|wire_pll1_clk[0] port File: J:/Project/Audio Player/FPGA/db/pll_24576_2_altpll.v Line: 51
    Info (15099): Implementing clock multiplication of 1, clock division of 3, and phase shift of 0 degrees (0 ps) for PLL_24576_2:inst7|altpll:altpll_component|PLL_24576_2_altpll:auto_generated|wire_pll1_clk[1] port File: J:/Project/Audio Player/FPGA/db/pll_24576_2_altpll.v Line: 51
    Info (15099): Implementing clock multiplication of 3, clock division of 8, and phase shift of 0 degrees (0 ps) for PLL_24576_2:inst7|altpll:altpll_component|PLL_24576_2_altpll:auto_generated|wire_pll1_clk[2] port File: J:/Project/Audio Player/FPGA/db/pll_24576_2_altpll.v Line: 51
    Info (15099): Implementing clock multiplication of 1, clock division of 2, and phase shift of 0 degrees (0 ps) for PLL_24576_2:inst7|altpll:altpll_component|PLL_24576_2_altpll:auto_generated|wire_pll1_clk[3] port File: J:/Project/Audio Player/FPGA/db/pll_24576_2_altpll.v Line: 51
Info (15535): Implemented PLL "PLL_225792:inst|altpll:altpll_component|PLL_225792_altpll:auto_generated|pll1" as Cyclone IV E PLL type File: J:/Project/Audio Player/FPGA/db/pll_225792_altpll.v Line: 51
    Info (15099): Implementing clock multiplication of 1, clock division of 2, and phase shift of 0 degrees (0 ps) for PLL_225792:inst|altpll:altpll_component|PLL_225792_altpll:auto_generated|wire_pll1_clk[0] port File: J:/Project/Audio Player/FPGA/db/pll_225792_altpll.v Line: 51
    Info (15099): Implementing clock multiplication of 3, clock division of 8, and phase shift of 0 degrees (0 ps) for PLL_225792:inst|altpll:altpll_component|PLL_225792_altpll:auto_generated|wire_pll1_clk[1] port File: J:/Project/Audio Player/FPGA/db/pll_225792_altpll.v Line: 51
    Info (15099): Implementing clock multiplication of 1, clock division of 4, and phase shift of 0 degrees (0 ps) for PLL_225792:inst|altpll:altpll_component|PLL_225792_altpll:auto_generated|wire_pll1_clk[2] port File: J:/Project/Audio Player/FPGA/db/pll_225792_altpll.v Line: 51
Info (171003): Fitter is performing an Auto Fit compilation, which may decrease Fitter effort to reduce compilation time
Warning (292013): Feature LogicLock is only available with a valid subscription license. You can purchase a software subscription to gain full access to this feature.
Info (176444): Device migration not selected. If you intend to use device migration later, you may need to change the pin assignments as they may be incompatible with other devices
    Info (176445): Device EP4CE10E22C8 is compatible
    Info (176445): Device EP4CE15E22C8 is compatible
    Info (176445): Device EP4CE22E22C8 is compatible
Info (169124): Fitter converted 5 user pins into dedicated programming pins
    Info (169125): Pin ~ALTERA_ASDO_DATA1~ is reserved at location 6
    Info (169125): Pin ~ALTERA_FLASH_nCE_nCSO~ is reserved at location 8
    Info (169125): Pin ~ALTERA_DCLK~ is reserved at location 12
    Info (169125): Pin ~ALTERA_DATA0~ is reserved at location 13
    Info (169125): Pin ~ALTERA_nCEO~ is reserved at location 101
Error (176310): Can't place multiple pins assigned to pin location Pin_141 (IOPAD_X5_Y24_N7)
    Info (176311): Pin led1 is assigned to pin location Pin_141 (IOPAD_X5_Y24_N7)
    Info (176311): Pin RESET is assigned to pin location Pin_141 (IOPAD_X5_Y24_N7)
Info (171121): Fitter preparation operations ending: elapsed time is 00:00:00
Error (171000): Can't fit design in device
Error: Quartus Prime Fitter was unsuccessful. 2 errors, 2 warnings
    Error: Peak virtual memory: 973 megabytes
    Error: Processing ended: Tue Jul 26 17:57:37 2016
    Error: Elapsed time: 00:00:01
    Error: Total CPU time (on all processors): 00:00:01


